<?xml version="1.0" encoding="UTF-8"?>
<!-- Generated by org.testng.reporters.JUnitXMLReporter -->
<testsuite ignored="0" hostname="DESKTOP-UTISVID" failures="0" tests="4" name="Default test" time="12.288" errors="0" timestamp="2023-03-30T23:44:25 IST">
  <testcase classname="api.test.UserTests" name="testPostUser" time="4.994"/>
  <testcase classname="api.test.UserTests" name="testGetUserByName" time="1.565"/>
  <testcase classname="api.test.UserTests" name="testUpdateUserByName" time="3.06"/>
  <testcase classname="api.test.UserTests" name="testDeleteUserByName" time="1.521"/>
</testsuite> <!-- Default test -->
