<?xml version="1.0" encoding="UTF-8"?>
<!-- Generated by org.testng.reporters.JUnitXMLReporter -->
<testsuite ignored="0" hostname="DESKTOP-UTISVID" failures="0" tests="4" name="PetTest" time="11.528" errors="0" timestamp="2023-03-31T12:41:21 IST">
  <testcase classname="api.test.UserTests2" name="testPostUser" time="3.974"/>
  <testcase classname="api.test.UserTests2" name="testGetUserByName" time="1.583"/>
  <testcase classname="api.test.UserTests2" name="testUpdateUserByName" time="3.156"/>
  <testcase classname="api.test.UserTests2" name="testDeleteUserByName" time="1.558"/>
</testsuite> <!-- PetTest -->
