<?xml version="1.0" encoding="UTF-8"?>
<!-- Generated by org.testng.reporters.JUnitXMLReporter -->
<testsuite ignored="0" hostname="DESKTOP-UTISVID" failures="0" tests="4" name="PetTest" time="11.149" errors="0" timestamp="2023-03-31T11:31:08 IST">
  <testcase classname="api.test.UserTests2" name="testPostUser" time="3.702"/>
  <testcase classname="api.test.UserTests2" name="testGetUserByName" time="1.597"/>
  <testcase classname="api.test.UserTests2" name="testUpdateUserByName" time="3.109"/>
  <testcase classname="api.test.UserTests2" name="testDeleteUserByName" time="1.536"/>
</testsuite> <!-- PetTest -->
